DEBUG http-nio-9090-exec-9 com.ConfigPoste.RecetteCuisine.RecetteCuisine.Controller.RecetteController - Get all recettes! 
DEBUG http-nio-9090-exec-9 com.ConfigPoste.RecetteCuisine.RecetteCuisine.Controller.RecetteController - [] 
DEBUG http-nio-9090-exec-10 com.ConfigPoste.RecetteCuisine.RecetteCuisine.Controller.RecetteController - Get all recettes! 
INFO http-nio-9090-exec-1 com.ConfigPoste.RecetteCuisine.RecetteCuisine.Controller.FileController - tarteCitron 
DEBUG http-nio-9090-exec-10 com.ConfigPoste.RecetteCuisine.RecetteCuisine.Controller.RecetteController - [] 
DEBUG http-nio-9090-exec-4 com.ConfigPoste.RecetteCuisine.RecetteCuisine.Controller.RecetteController - Get all recettes! 
INFO http-nio-9090-exec-3 com.ConfigPoste.RecetteCuisine.RecetteCuisine.Controller.FileController - tarteCitron 
DEBUG http-nio-9090-exec-4 com.ConfigPoste.RecetteCuisine.RecetteCuisine.Controller.RecetteController - [] 
DEBUG http-nio-9090-exec-6 com.ConfigPoste.RecetteCuisine.RecetteCuisine.Controller.RecetteController - Get all recettes! 
INFO http-nio-9090-exec-7 com.ConfigPoste.RecetteCuisine.RecetteCuisine.Controller.FileController - tarteCitron 
DEBUG http-nio-9090-exec-6 com.ConfigPoste.RecetteCuisine.RecetteCuisine.Controller.RecetteController - [] 
DEBUG http-nio-9090-exec-8 com.ConfigPoste.RecetteCuisine.RecetteCuisine.Controller.RecetteController - Get all recettes! 
INFO http-nio-9090-exec-9 com.ConfigPoste.RecetteCuisine.RecetteCuisine.Controller.FileController - tarteCitron 
DEBUG http-nio-9090-exec-8 com.ConfigPoste.RecetteCuisine.RecetteCuisine.Controller.RecetteController - [] 
DEBUG http-nio-9090-exec-2 com.ConfigPoste.RecetteCuisine.RecetteCuisine.Controller.RecetteController - Get all recettes! 
INFO http-nio-9090-exec-3 com.ConfigPoste.RecetteCuisine.RecetteCuisine.Controller.FileController - tarteCitron 
DEBUG http-nio-9090-exec-2 com.ConfigPoste.RecetteCuisine.RecetteCuisine.Controller.RecetteController - [] 
DEBUG http-nio-9090-exec-6 com.ConfigPoste.RecetteCuisine.RecetteCuisine.Controller.RecetteController - Get all recettes! 
INFO http-nio-9090-exec-7 com.ConfigPoste.RecetteCuisine.RecetteCuisine.Controller.FileController - tarteCitron 
DEBUG http-nio-9090-exec-6 com.ConfigPoste.RecetteCuisine.RecetteCuisine.Controller.RecetteController - [] 
DEBUG http-nio-9090-exec-1 com.ConfigPoste.RecetteCuisine.RecetteCuisine.Controller.RecetteController - Get all recettes! 
INFO http-nio-9090-exec-3 com.ConfigPoste.RecetteCuisine.RecetteCuisine.Controller.FileController - tarteCitron 
DEBUG http-nio-9090-exec-1 com.ConfigPoste.RecetteCuisine.RecetteCuisine.Controller.RecetteController - [] 
DEBUG http-nio-9090-exec-2 com.ConfigPoste.RecetteCuisine.RecetteCuisine.Controller.FileController - cuisine.jpg 
DEBUG http-nio-9090-exec-6 com.ConfigPoste.RecetteCuisine.RecetteCuisine.Controller.FileController - cuisine.jpg 
DEBUG http-nio-9090-exec-8 com.ConfigPoste.RecetteCuisine.RecetteCuisine.Controller.FileController - cuisine.jpg 
DEBUG http-nio-9090-exec-7 com.ConfigPoste.RecetteCuisine.RecetteCuisine.Controller.RecetteController - Get all recettes! 
INFO http-nio-9090-exec-9 com.ConfigPoste.RecetteCuisine.RecetteCuisine.Controller.FileController - tarteCitron 
DEBUG http-nio-9090-exec-7 com.ConfigPoste.RecetteCuisine.RecetteCuisine.Controller.RecetteController - [] 
DEBUG http-nio-9090-exec-3 com.ConfigPoste.RecetteCuisine.RecetteCuisine.Controller.RecetteController - Get all recettes! 
INFO http-nio-9090-exec-2 com.ConfigPoste.RecetteCuisine.RecetteCuisine.Controller.FileController - tarteCitron 
DEBUG http-nio-9090-exec-3 com.ConfigPoste.RecetteCuisine.RecetteCuisine.Controller.RecetteController - [] 
DEBUG http-nio-9090-exec-5 com.ConfigPoste.RecetteCuisine.RecetteCuisine.Controller.RecetteController - Get all recettes! 
INFO http-nio-9090-exec-6 com.ConfigPoste.RecetteCuisine.RecetteCuisine.Controller.FileController - tarteCitron 
DEBUG http-nio-9090-exec-5 com.ConfigPoste.RecetteCuisine.RecetteCuisine.Controller.RecetteController - [] 
DEBUG http-nio-9090-exec-7 com.ConfigPoste.RecetteCuisine.RecetteCuisine.Controller.RecetteController - Get all recettes! 
INFO http-nio-9090-exec-10 com.ConfigPoste.RecetteCuisine.RecetteCuisine.Controller.FileController - tarteCitron 
DEBUG http-nio-9090-exec-7 com.ConfigPoste.RecetteCuisine.RecetteCuisine.Controller.RecetteController - [] 
DEBUG http-nio-9090-exec-2 com.ConfigPoste.RecetteCuisine.RecetteCuisine.Controller.RecetteController - Get all recettes! 
INFO http-nio-9090-exec-3 com.ConfigPoste.RecetteCuisine.RecetteCuisine.Controller.FileController - tarteCitron 
DEBUG http-nio-9090-exec-2 com.ConfigPoste.RecetteCuisine.RecetteCuisine.Controller.RecetteController - [] 
DEBUG http-nio-9090-exec-4 com.ConfigPoste.RecetteCuisine.RecetteCuisine.Controller.RecetteController - Get all recettes! 
INFO http-nio-9090-exec-5 com.ConfigPoste.RecetteCuisine.RecetteCuisine.Controller.FileController - tarteCitron 
DEBUG http-nio-9090-exec-4 com.ConfigPoste.RecetteCuisine.RecetteCuisine.Controller.RecetteController - [] 
DEBUG http-nio-9090-exec-6 com.ConfigPoste.RecetteCuisine.RecetteCuisine.Controller.FileController - cuisine.jpg 
DEBUG http-nio-9090-exec-7 com.ConfigPoste.RecetteCuisine.RecetteCuisine.Controller.FileController - cuisine.jpg 
DEBUG http-nio-9090-exec-1 com.ConfigPoste.RecetteCuisine.RecetteCuisine.Controller.FileController - file copy 
DEBUG http-nio-9090-exec-1 com.ConfigPoste.RecetteCuisine.RecetteCuisine.Controller.FileController - cuisine.jpg 
DEBUG http-nio-9090-exec-3 com.ConfigPoste.RecetteCuisine.RecetteCuisine.Controller.FileController - file copy 
DEBUG http-nio-9090-exec-3 com.ConfigPoste.RecetteCuisine.RecetteCuisine.Controller.FileController - cuisine.jpg 
DEBUG http-nio-9090-exec-5 com.ConfigPoste.RecetteCuisine.RecetteCuisine.Controller.RecetteController - Get all recettes! 
INFO http-nio-9090-exec-6 com.ConfigPoste.RecetteCuisine.RecetteCuisine.Controller.FileController - tarteCitron 
DEBUG http-nio-9090-exec-5 com.ConfigPoste.RecetteCuisine.RecetteCuisine.Controller.RecetteController - [] 
DEBUG http-nio-9090-exec-7 com.ConfigPoste.RecetteCuisine.RecetteCuisine.Controller.FileController - file copy 
DEBUG http-nio-9090-exec-7 com.ConfigPoste.RecetteCuisine.RecetteCuisine.Controller.FileController - cuisine.jpg 
DEBUG http-nio-9090-exec-1 com.ConfigPoste.RecetteCuisine.RecetteCuisine.Controller.RecetteController - Get all recettes! 
INFO http-nio-9090-exec-2 com.ConfigPoste.RecetteCuisine.RecetteCuisine.Controller.FileController - tarteCitron 
DEBUG http-nio-9090-exec-1 com.ConfigPoste.RecetteCuisine.RecetteCuisine.Controller.RecetteController - [] 
DEBUG http-nio-9090-exec-3 com.ConfigPoste.RecetteCuisine.RecetteCuisine.Controller.FileController - cuisine.jpg 
DEBUG http-nio-9090-exec-1 com.ConfigPoste.RecetteCuisine.RecetteCuisine.Controller.FileController - recettes 
DEBUG http-nio-9090-exec-1 com.ConfigPoste.RecetteCuisine.RecetteCuisine.Controller.FileController - cuisine.jpg 
INFO http-nio-9090-exec-1 com.ConfigPoste.RecetteCuisine.RecetteCuisine.Controller.FileController - tarteCitron 
DEBUG http-nio-9090-exec-2 com.ConfigPoste.RecetteCuisine.RecetteCuisine.Controller.RecetteController - Get all recettes! 
DEBUG http-nio-9090-exec-2 com.ConfigPoste.RecetteCuisine.RecetteCuisine.Controller.RecetteController - [] 
DEBUG http-nio-9090-exec-3 com.ConfigPoste.RecetteCuisine.RecetteCuisine.Controller.FileController - file copy 
DEBUG http-nio-9090-exec-3 com.ConfigPoste.RecetteCuisine.RecetteCuisine.Controller.FileController - cuisine.jpg 
DEBUG http-nio-9090-exec-1 com.ConfigPoste.RecetteCuisine.RecetteCuisine.Controller.RecetteController - Get all recettes! 
INFO http-nio-9090-exec-2 com.ConfigPoste.RecetteCuisine.RecetteCuisine.Controller.FileController - tarteCitron 
DEBUG http-nio-9090-exec-1 com.ConfigPoste.RecetteCuisine.RecetteCuisine.Controller.RecetteController - [] 
DEBUG http-nio-9090-exec-3 com.ConfigPoste.RecetteCuisine.RecetteCuisine.Controller.FileController - /D:/EPSI/ConfigPosteRecetteCuisine/apiRecetteCuisine/target/classes/images/recettes/cuisine.jpg 
DEBUG http-nio-9090-exec-3 com.ConfigPoste.RecetteCuisine.RecetteCuisine.Controller.FileController - file copy 
DEBUG http-nio-9090-exec-3 com.ConfigPoste.RecetteCuisine.RecetteCuisine.Controller.FileController - cuisine.jpg 
DEBUG http-nio-9090-exec-6 com.ConfigPoste.RecetteCuisine.RecetteCuisine.Controller.RecetteController - Get all recettes! 
INFO http-nio-9090-exec-7 com.ConfigPoste.RecetteCuisine.RecetteCuisine.Controller.FileController - tarteCitron 
DEBUG http-nio-9090-exec-6 com.ConfigPoste.RecetteCuisine.RecetteCuisine.Controller.RecetteController - [] 
DEBUG http-nio-9090-exec-10 com.ConfigPoste.RecetteCuisine.RecetteCuisine.Controller.RecetteController - Get all recettes! 
INFO http-nio-9090-exec-2 com.ConfigPoste.RecetteCuisine.RecetteCuisine.Controller.FileController - tarteCitron 
DEBUG http-nio-9090-exec-10 com.ConfigPoste.RecetteCuisine.RecetteCuisine.Controller.RecetteController - [] 
DEBUG http-nio-9090-exec-1 com.ConfigPoste.RecetteCuisine.RecetteCuisine.Controller.FileController - /D:/EPSI/ConfigPosteRecetteCuisine/apiRecetteCuisine/target/classes/images/recettes/cuisine.jpg 
DEBUG http-nio-9090-exec-1 com.ConfigPoste.RecetteCuisine.RecetteCuisine.Controller.FileController - file copy 
DEBUG http-nio-9090-exec-1 com.ConfigPoste.RecetteCuisine.RecetteCuisine.Controller.FileController - cuisine.jpg 
DEBUG http-nio-9090-exec-1 com.ConfigPoste.RecetteCuisine.RecetteCuisine.Controller.RecetteController - Get all recettes! 
DEBUG http-nio-9090-exec-1 com.ConfigPoste.RecetteCuisine.RecetteCuisine.Controller.RecetteController - [] 
DEBUG http-nio-9090-exec-4 com.ConfigPoste.RecetteCuisine.RecetteCuisine.Controller.RecetteController - Get all recettes! 
INFO http-nio-9090-exec-5 com.ConfigPoste.RecetteCuisine.RecetteCuisine.Controller.FileController - tarteCitron 
DEBUG http-nio-9090-exec-4 com.ConfigPoste.RecetteCuisine.RecetteCuisine.Controller.RecetteController - [] 
DEBUG http-nio-9090-exec-6 com.ConfigPoste.RecetteCuisine.RecetteCuisine.Controller.RecetteController - Get all recettes! 
INFO http-nio-9090-exec-7 com.ConfigPoste.RecetteCuisine.RecetteCuisine.Controller.FileController - tarteCitron 
DEBUG http-nio-9090-exec-6 com.ConfigPoste.RecetteCuisine.RecetteCuisine.Controller.RecetteController - [] 
DEBUG http-nio-9090-exec-8 com.ConfigPoste.RecetteCuisine.RecetteCuisine.Controller.FileController - /D:/EPSI/ConfigPosteRecetteCuisine/apiRecetteCuisine/target/classes/images/recettes/cuisine.jpg 
DEBUG http-nio-9090-exec-8 com.ConfigPoste.RecetteCuisine.RecetteCuisine.Controller.FileController - file copy 
DEBUG http-nio-9090-exec-8 com.ConfigPoste.RecetteCuisine.RecetteCuisine.Controller.FileController - cuisine.jpg 
DEBUG http-nio-9090-exec-10 com.ConfigPoste.RecetteCuisine.RecetteCuisine.Controller.RecetteController - Get all recettes! 
INFO http-nio-9090-exec-2 com.ConfigPoste.RecetteCuisine.RecetteCuisine.Controller.FileController - tarteCitron 
DEBUG http-nio-9090-exec-10 com.ConfigPoste.RecetteCuisine.RecetteCuisine.Controller.RecetteController - [] 
DEBUG http-nio-9090-exec-1 com.ConfigPoste.RecetteCuisine.RecetteCuisine.Controller.RecetteController - Get all recettes! 
INFO http-nio-9090-exec-3 com.ConfigPoste.RecetteCuisine.RecetteCuisine.Controller.FileController - tarteCitron 
DEBUG http-nio-9090-exec-1 com.ConfigPoste.RecetteCuisine.RecetteCuisine.Controller.RecetteController - [] 
DEBUG http-nio-9090-exec-4 com.ConfigPoste.RecetteCuisine.RecetteCuisine.Controller.RecetteController - Get all recettes! 
DEBUG http-nio-9090-exec-4 com.ConfigPoste.RecetteCuisine.RecetteCuisine.Controller.RecetteController - [] 
DEBUG http-nio-9090-exec-3 com.ConfigPoste.RecetteCuisine.RecetteCuisine.Controller.RecetteController - com.ConfigPoste.RecetteCuisine.RecetteCuisine.Model.Recette@fed598c5 
DEBUG http-nio-9090-exec-2 com.ConfigPoste.RecetteCuisine.RecetteCuisine.Controller.RecetteController - Get all recettes! 
DEBUG http-nio-9090-exec-2 com.ConfigPoste.RecetteCuisine.RecetteCuisine.Controller.RecetteController - [] 
DEBUG http-nio-9090-exec-4 com.ConfigPoste.RecetteCuisine.RecetteCuisine.Controller.RecetteController - Get all recettes! 
DEBUG http-nio-9090-exec-4 com.ConfigPoste.RecetteCuisine.RecetteCuisine.Controller.RecetteController - [] 
DEBUG http-nio-9090-exec-5 com.ConfigPoste.RecetteCuisine.RecetteCuisine.Controller.RecetteController - Get all recettes! 
DEBUG http-nio-9090-exec-5 com.ConfigPoste.RecetteCuisine.RecetteCuisine.Controller.RecetteController - [] 
DEBUG http-nio-9090-exec-1 com.ConfigPoste.RecetteCuisine.RecetteCuisine.Controller.RecetteController - Get all recettes! 
DEBUG http-nio-9090-exec-1 com.ConfigPoste.RecetteCuisine.RecetteCuisine.Controller.RecetteController - [] 
DEBUG http-nio-9090-exec-1 com.ConfigPoste.RecetteCuisine.RecetteCuisine.Controller.RecetteController - Get all recettes! 
DEBUG http-nio-9090-exec-1 com.ConfigPoste.RecetteCuisine.RecetteCuisine.Controller.RecetteController - [] 
DEBUG http-nio-9090-exec-4 com.ConfigPoste.RecetteCuisine.RecetteCuisine.Controller.RecetteController - Get all recettes! 
DEBUG http-nio-9090-exec-4 com.ConfigPoste.RecetteCuisine.RecetteCuisine.Controller.RecetteController - [] 
DEBUG http-nio-9090-exec-6 com.ConfigPoste.RecetteCuisine.RecetteCuisine.Controller.RecetteController - Get all recettes! 
DEBUG http-nio-9090-exec-6 com.ConfigPoste.RecetteCuisine.RecetteCuisine.Controller.RecetteController - [] 
DEBUG http-nio-9090-exec-7 com.ConfigPoste.RecetteCuisine.RecetteCuisine.Controller.RecetteController - Get all recettes! 
DEBUG http-nio-9090-exec-7 com.ConfigPoste.RecetteCuisine.RecetteCuisine.Controller.RecetteController - [] 
DEBUG http-nio-9090-exec-8 com.ConfigPoste.RecetteCuisine.RecetteCuisine.Controller.RecetteController - Get all recettes! 
DEBUG http-nio-9090-exec-8 com.ConfigPoste.RecetteCuisine.RecetteCuisine.Controller.RecetteController - [] 
DEBUG http-nio-9090-exec-9 com.ConfigPoste.RecetteCuisine.RecetteCuisine.Controller.RecetteController - Get all recettes! 
DEBUG http-nio-9090-exec-9 com.ConfigPoste.RecetteCuisine.RecetteCuisine.Controller.RecetteController - [] 
DEBUG http-nio-9090-exec-1 com.ConfigPoste.RecetteCuisine.RecetteCuisine.Controller.RecetteController - Get all recettes! 
DEBUG http-nio-9090-exec-1 com.ConfigPoste.RecetteCuisine.RecetteCuisine.Controller.RecetteController - [] 
DEBUG http-nio-9090-exec-3 com.ConfigPoste.RecetteCuisine.RecetteCuisine.Controller.RecetteController - Get all recettes! 
DEBUG http-nio-9090-exec-3 com.ConfigPoste.RecetteCuisine.RecetteCuisine.Controller.RecetteController - [] 
DEBUG http-nio-9090-exec-3 com.ConfigPoste.RecetteCuisine.RecetteCuisine.Controller.RecetteController - Get all recettes! 
DEBUG http-nio-9090-exec-3 com.ConfigPoste.RecetteCuisine.RecetteCuisine.Controller.RecetteController - [] 
DEBUG http-nio-9090-exec-4 com.ConfigPoste.RecetteCuisine.RecetteCuisine.Controller.RecetteController - Get all recettes! 
DEBUG http-nio-9090-exec-4 com.ConfigPoste.RecetteCuisine.RecetteCuisine.Controller.RecetteController - [] 
DEBUG http-nio-9090-exec-5 com.ConfigPoste.RecetteCuisine.RecetteCuisine.Controller.RecetteController - Get all recettes! 
DEBUG http-nio-9090-exec-5 com.ConfigPoste.RecetteCuisine.RecetteCuisine.Controller.RecetteController - [] 
DEBUG http-nio-9090-exec-6 com.ConfigPoste.RecetteCuisine.RecetteCuisine.Controller.RecetteController - Get all recettes! 
DEBUG http-nio-9090-exec-6 com.ConfigPoste.RecetteCuisine.RecetteCuisine.Controller.RecetteController - [] 
DEBUG http-nio-9090-exec-7 com.ConfigPoste.RecetteCuisine.RecetteCuisine.Controller.RecetteController - Get all recettes! 
DEBUG http-nio-9090-exec-7 com.ConfigPoste.RecetteCuisine.RecetteCuisine.Controller.RecetteController - [] 
DEBUG http-nio-9090-exec-10 com.ConfigPoste.RecetteCuisine.RecetteCuisine.Controller.RecetteController - Get all recettes! 
DEBUG http-nio-9090-exec-10 com.ConfigPoste.RecetteCuisine.RecetteCuisine.Controller.RecetteController - [] 
DEBUG http-nio-9090-exec-1 com.ConfigPoste.RecetteCuisine.RecetteCuisine.Controller.RecetteController - Get all recettes! 
DEBUG http-nio-9090-exec-1 com.ConfigPoste.RecetteCuisine.RecetteCuisine.Controller.RecetteController - [] 
DEBUG http-nio-9090-exec-2 com.ConfigPoste.RecetteCuisine.RecetteCuisine.Controller.RecetteController - Get all recettes! 
DEBUG http-nio-9090-exec-2 com.ConfigPoste.RecetteCuisine.RecetteCuisine.Controller.RecetteController - [] 
DEBUG http-nio-9090-exec-3 com.ConfigPoste.RecetteCuisine.RecetteCuisine.Controller.RecetteController - Get all recettes! 
DEBUG http-nio-9090-exec-3 com.ConfigPoste.RecetteCuisine.RecetteCuisine.Controller.RecetteController - [] 
DEBUG http-nio-9090-exec-6 com.ConfigPoste.RecetteCuisine.RecetteCuisine.Controller.RecetteController - Get all recettes! 
DEBUG http-nio-9090-exec-6 com.ConfigPoste.RecetteCuisine.RecetteCuisine.Controller.RecetteController - [] 
DEBUG http-nio-9090-exec-7 com.ConfigPoste.RecetteCuisine.RecetteCuisine.Controller.RecetteController - Get all recettes! 
DEBUG http-nio-9090-exec-7 com.ConfigPoste.RecetteCuisine.RecetteCuisine.Controller.RecetteController - [] 
DEBUG http-nio-9090-exec-10 com.ConfigPoste.RecetteCuisine.RecetteCuisine.Controller.RecetteController - Get all recettes! 
DEBUG http-nio-9090-exec-10 com.ConfigPoste.RecetteCuisine.RecetteCuisine.Controller.RecetteController - [] 
DEBUG http-nio-9090-exec-1 com.ConfigPoste.RecetteCuisine.RecetteCuisine.Controller.RecetteController - Get all recettes! 
DEBUG http-nio-9090-exec-1 com.ConfigPoste.RecetteCuisine.RecetteCuisine.Controller.RecetteController - [] 
DEBUG http-nio-9090-exec-2 com.ConfigPoste.RecetteCuisine.RecetteCuisine.Controller.RecetteController - Get all recettes! 
DEBUG http-nio-9090-exec-2 com.ConfigPoste.RecetteCuisine.RecetteCuisine.Controller.RecetteController - [] 
DEBUG http-nio-9090-exec-3 com.ConfigPoste.RecetteCuisine.RecetteCuisine.Controller.RecetteController - Get all recettes! 
DEBUG http-nio-9090-exec-3 com.ConfigPoste.RecetteCuisine.RecetteCuisine.Controller.RecetteController - [] 
DEBUG http-nio-9090-exec-4 com.ConfigPoste.RecetteCuisine.RecetteCuisine.Controller.RecetteController - Get all recettes! 
DEBUG http-nio-9090-exec-4 com.ConfigPoste.RecetteCuisine.RecetteCuisine.Controller.RecetteController - [] 
DEBUG http-nio-9090-exec-5 com.ConfigPoste.RecetteCuisine.RecetteCuisine.Controller.RecetteController - Get all recettes! 
DEBUG http-nio-9090-exec-5 com.ConfigPoste.RecetteCuisine.RecetteCuisine.Controller.RecetteController - [] 
DEBUG http-nio-9090-exec-1 com.ConfigPoste.RecetteCuisine.RecetteCuisine.Controller.RecetteController - Get all recettes! 
DEBUG http-nio-9090-exec-1 com.ConfigPoste.RecetteCuisine.RecetteCuisine.Controller.RecetteController - [] 
DEBUG http-nio-9090-exec-2 com.ConfigPoste.RecetteCuisine.RecetteCuisine.Controller.RecetteController - Get all recettes! 
DEBUG http-nio-9090-exec-2 com.ConfigPoste.RecetteCuisine.RecetteCuisine.Controller.RecetteController - [] 
DEBUG http-nio-9090-exec-3 com.ConfigPoste.RecetteCuisine.RecetteCuisine.Controller.RecetteController - Get all recettes! 
DEBUG http-nio-9090-exec-3 com.ConfigPoste.RecetteCuisine.RecetteCuisine.Controller.RecetteController - [com.ConfigPoste.RecetteCuisine.RecetteCuisine.Model.Recette@fed598e4] 
DEBUG http-nio-9090-exec-4 com.ConfigPoste.RecetteCuisine.RecetteCuisine.Controller.RecetteController - Get all recettes! 
DEBUG http-nio-9090-exec-4 com.ConfigPoste.RecetteCuisine.RecetteCuisine.Controller.RecetteController - [] 
DEBUG http-nio-9090-exec-7 com.ConfigPoste.RecetteCuisine.RecetteCuisine.Controller.RecetteController - Get all recettes! 
DEBUG http-nio-9090-exec-7 com.ConfigPoste.RecetteCuisine.RecetteCuisine.Controller.RecetteController - [] 
DEBUG http-nio-9090-exec-2 com.ConfigPoste.RecetteCuisine.RecetteCuisine.Controller.EtapeController - com.ConfigPoste.RecetteCuisine.RecetteCuisine.Model.Theme@70173 
DEBUG http-nio-9090-exec-4 com.ConfigPoste.RecetteCuisine.RecetteCuisine.Controller.EtapeController - com.ConfigPoste.RecetteCuisine.RecetteCuisine.Model.Theme@7463b20c 
DEBUG http-nio-9090-exec-6 com.ConfigPoste.RecetteCuisine.RecetteCuisine.Controller.EtapeController - com.ConfigPoste.RecetteCuisine.RecetteCuisine.Model.Theme@e4348a0 
DEBUG http-nio-9090-exec-1 com.ConfigPoste.RecetteCuisine.RecetteCuisine.Controller.RecetteController - Get all recettes! 
DEBUG http-nio-9090-exec-1 com.ConfigPoste.RecetteCuisine.RecetteCuisine.Controller.RecetteController - [] 
DEBUG http-nio-9090-exec-8 com.ConfigPoste.RecetteCuisine.RecetteCuisine.Controller.RecetteController - Get all recettes! 
DEBUG http-nio-9090-exec-8 com.ConfigPoste.RecetteCuisine.RecetteCuisine.Controller.RecetteController - [] 
DEBUG http-nio-9090-exec-2 com.ConfigPoste.RecetteCuisine.RecetteCuisine.Controller.RecetteController - Get all recettes! 
DEBUG http-nio-9090-exec-2 com.ConfigPoste.RecetteCuisine.RecetteCuisine.Controller.RecetteController - [] 
